### Задание 1

Напишите запрос к учебной базе данных, который вернёт процентное отношение общего размера всех индексов к общему размеру всех таблиц.

select (sum(index_length) / sum(data_length) * 100) as Процентное_соотношение
from information_schema.tables
where table_schema = 'sakila';
![image](https://github.com/GerasimoivSV/git_2/blob/GerasimoivSV-patch-1/1ind.png)


### Задание 2

Выполните explain analyze следующего запроса:
```sql
select distinct concat(c.last_name, ' ', c.first_name), sum(p.amount) over (partition by c.customer_id, f.title)
from payment p, rental r, customer c, inventory i, film f
where date(p.payment_date) = '2005-07-30' and p.payment_date = r.rental_date and r.customer_id = c.customer_id and i.inventory_id = r.inventory_id
```
![image](https://github.com/GerasimoivSV/git_2/blob/GerasimoivSV-patch-1/2ind.png)

- перечислите узкие места;
  
  Узкие места там, где большое время выполнения и большое количество строк обрабатываемых данных.
  
- оптимизируйте запрос: внесите корректировки по использованию операторов, при необходимости добавьте индексы.
  
  Помоему надо добавить индекс для payment_date и rental_date и использовать JOIN
  
  explain analyze
select concat(c.last_name, ' ', c.first_name) as customer_name, sum(p.amount) as total_payment
from
  payment p
  join rental r on p.payment_date = r.rental_date
  join inventory i on r.inventory_id = i.inventory_id
  join customer c on r.customer_id = c.customer_id
where
  p.payment_date >= '2005-07-30' and p.payment_date < date_add('2005-07-30', interval 1 day)
group by
  concat(c.last_name, ' ', c.first_name);
  ![image](https://github.com/GerasimoivSV/git_2/blob/GerasimoivSV-patch-1/3ind.png)

  ![image](https://github.com/GerasimoivSV/git_2/blob/GerasimoivSV-patch-1/photo_1.jpg)
  ![image](https://github.com/GerasimoivSV/git_2/blob/GerasimoivSV-patch-1/photo_2.jpg)


  explain analyze 
select concat(c.last_name, ' ', c.first_name) as customer_name, sum(p.amount) as total_payment 
from payment p 
join rental r on p.payment_date = r.rental_date 
join inventory i on r.inventory_id = i.inventory_id 
join customer c on r.customer_id = c.customer_id 
where p.payment_date >= '2005-07-30' and p.payment_date < date_add('2005-07-30', interval 1 day) 
group by concat(c.last_name, ' ', c.first_name);


-> Limit: 200 row(s)  (actual time=15.770..15.800 rows=200 loops=1)
    -> Table scan on <temporary>  (actual time=15.768..15.788 rows=200 loops=1)
        -> Aggregate using temporary table  (actual time=15.767..15.767 rows=391 loops=1)
            -> Nested loop inner join  (cost=2221.09 rows=634) (actual time=2.776..14.969 rows=642 loops=1)
                -> Nested loop inner join  (cost=1523.69 rows=634) (actual time=1.699..11.495 rows=642 loops=1)
                    -> Nested loop inner join  (cost=826.29 rows=634) (actual time=1.415..3.183 rows=634 loops=1)
                        -> Filter: ((r.rental_date >= TIMESTAMP'2005-07-30 00:00:00') and (r.rental_date < <cache>(('2005-07-30' + interval 1 day))))  (cost=128.89 rows=634) (actual time=0.151..0.522 rows=634 loops=1)
                            -> Covering index range scan on r using rental_date over ('2005-07-30 00:00:00' <= rental_date < '2005-07-31 00:00:00')  (cost=128.89 rows=634) (actual time=0.148..0.388 rows=634 loops=1)
                        -> Single-row index lookup on c using PRIMARY (customer_id=r.customer_id)  (cost=1.00 rows=1) (actual time=0.004..0.004 rows=1 loops=634)
                    -> Index lookup on p using payment_payment_date_IDX (payment_date=r.rental_date)  (cost=1.00 rows=1) (actual time=0.012..0.013 rows=1 loops=634)
                -> Single-row covering index lookup on i using PRIMARY (inventory_id=r.inventory_id)  (cost=1.00 rows=1) (actual time=0.005..0.005 rows=1 loops=642)
